<?xml version="1.0" encoding="UTF-8"?>
<!-- Generated by org.testng.reporters.JUnitReportReporter -->
<testsuite hostname="lekshmi" failures="0" tests="1" name="com.naveenAutomation.Tests.MyWishListTest" time="25.808" errors="0" timestamp="07 Jan. 2023 02:43:05 GMT" skipped="0">
  <testcase classname="com.naveenAutomation.Tests.MyWishListTest" name="VerifyUserIsAbleToAddProductsToWishList" time="25.808"/>
</testsuite> <!-- com.naveenAutomation.Tests.MyWishListTest -->
