<?xml version="1.0" encoding="UTF-8"?>
<!-- Generated by org.testng.reporters.JUnitReportReporter -->
<testsuite hostname="lekshmi" failures="0" tests="1" name="com.naveenAutomation.Tests.AddressBookTest" time="12.838" errors="0" timestamp="07 Jan. 2023 14:27:07 GMT" skipped="0">
  <testcase classname="com.naveenAutomation.Tests.AddressBookTest" name="VerifyUserIsAbleToEditAddressFromAddressBook" time="12.838"/>
</testsuite> <!-- com.naveenAutomation.Tests.AddressBookTest -->
